2025-02-23 00:07:24,685 [INFO] NvicIntPanel:101 - NVIC parent = com.st.microxplorer.plugins.ip.nvic.MultiNvicIntPanel[,0,0,923x416,layout=javax.swing.BoxLayout,alignmentX=0.0,alignmentY=0.0,border=,flags=9,maximumSize=,minimumSize=,preferredSize=]
2025-02-23 00:08:19,318 [INFO] NvicIntPanel:101 - NVIC parent = com.st.microxplorer.plugins.ip.nvic.MultiNvicIntPanel[,0,0,923x416,layout=javax.swing.BoxLayout,alignmentX=0.0,alignmentY=0.0,border=,flags=9,maximumSize=,minimumSize=,preferredSize=]
2025-02-23 00:08:33,243 [INFO] UtilMem:75 - End SaveConfig() Used Memory: 509158248 Bytes (671088640)
2025-02-23 00:08:33,299 [INFO] UtilMem:75 - End SaveConfig() Used Memory: 532226920 Bytes (671088640)
2025-02-23 00:08:33,783 [INFO] UtilMem:75 - End SaveConfig() Used Memory: 607724392 Bytes (671088640)
2025-02-23 00:08:34,073 [INFO] BlockDiagram:2766 - set Specific Code input for plugin: USB_OTG_HS
2025-02-23 00:08:34,074 [INFO] BlockDiagram:2766 - set Specific Code input for plugin: USB_DEVICE
2025-02-23 00:08:34,074 [INFO] BlockDiagram:2766 - set Specific Code input for plugin: SYS
2025-02-23 00:08:34,074 [INFO] BlockDiagram:2766 - set Specific Code input for plugin: RCC
2025-02-23 00:08:34,074 [INFO] BlockDiagram:2766 - set Specific Code input for plugin: USB_OTG_FS
2025-02-23 00:08:34,074 [INFO] BlockDiagram:2766 - set Specific Code input for plugin: NVIC
2025-02-23 00:08:34,074 [INFO] BlockDiagram:2766 - set Specific Code input for plugin: UART
2025-02-23 00:08:34,074 [INFO] BlockDiagram:2766 - set Specific Code input for plugin: UART
2025-02-23 00:08:34,074 [INFO] BlockDiagram:2766 - set Specific Code input for plugin: GPIO
2025-02-23 00:08:34,075 [INFO] CodeGenerator:896 - code generatio: config db path: C:\ST\STM32CubeIDE_1.17.0\STM32CubeIDE\plugins\com.st.stm32cube.common.mx_6.13.0.202411220809\\db\
2025-02-23 00:08:34,087 [WARN] IP:2251 - DEVICE_SERIAL0_HID_HS not found: check if there is a RefParameter without a condition.
2025-02-23 00:08:34,087 [WARN] IP:2251 - DEVICE_SERIAL1_HID_HS not found: check if there is a RefParameter without a condition.
2025-02-23 00:08:34,087 [WARN] IP:2251 - DEVICE_SERIAL2_HID_HS not found: check if there is a RefParameter without a condition.
2025-02-23 00:08:34,087 [WARN] IP:2251 - DEVICE_SERIAL0_HID_FS not found: check if there is a RefParameter without a condition.
2025-02-23 00:08:34,087 [WARN] IP:2251 - DEVICE_SERIAL1_HID_FS not found: check if there is a RefParameter without a condition.
2025-02-23 00:08:34,087 [WARN] IP:2251 - DEVICE_SERIAL2_HID_FS not found: check if there is a RefParameter without a condition.
2025-02-23 00:08:34,133 [INFO] CodeEngine:255 - oldGeneratedFile, C:\Users\leese\Music\STM32\STM32F407\MXTmpFiles\license.tmp_save
2025-02-23 00:08:34,294 [INFO] CodeEngine:279 - Generated code: C:\Users\leese\Music\STM32\STM32F407\MXTmpFiles\license.tmp
2025-02-23 00:08:34,323 [INFO] CodeEngine:255 - oldGeneratedFile, C:\Users\leese\Music\STM32\STM32F407\MXTmpFiles\gpio.tmp_save
2025-02-23 00:08:34,429 [INFO] CodeEngine:279 - Generated code: C:\Users\leese\Music\STM32\STM32F407\MXTmpFiles\gpio.tmp
2025-02-23 00:08:34,469 [WARN] IPConfigManager:3034 - Warning: the RefConfig PWREx_EnableUSBVoltageDetector is not available in your config.xml file
2025-02-23 00:08:34,488 [WARN] IPConfigManager:3034 - Warning: the RefConfig PWREx_EnableUSBVoltageDetector is not available in your config.xml file
2025-02-23 00:08:34,494 [INFO] CodeEngine:255 - oldGeneratedFile, C:\Users\leese\Music\STM32\STM32F407\MXTmpFiles\usb_otg_hs_vars.tmp_save
2025-02-23 00:08:34,574 [INFO] CodeEngine:279 - Generated code: C:\Users\leese\Music\STM32\STM32F407\MXTmpFiles\usb_otg_hs_vars.tmp
2025-02-23 00:08:34,577 [INFO] CodeEngine:255 - oldGeneratedFile, C:\Users\leese\Music\STM32\STM32F407\MXTmpFiles\usb_otg_hs_inc.tmp_save
2025-02-23 00:08:34,621 [INFO] CodeEngine:279 - Generated code: C:\Users\leese\Music\STM32\STM32F407\MXTmpFiles\usb_otg_hs_inc.tmp
2025-02-23 00:08:34,624 [INFO] CodeEngine:255 - oldGeneratedFile, C:\Users\leese\Music\STM32\STM32F407\MXTmpFiles\usb_otg_hs_HalInit.tmp_save
2025-02-23 00:08:34,701 [INFO] CodeEngine:279 - Generated code: C:\Users\leese\Music\STM32\STM32F407\MXTmpFiles\usb_otg_hs_HalInit.tmp
2025-02-23 00:08:34,704 [INFO] CodeEngine:255 - oldGeneratedFile, C:\Users\leese\Music\STM32\STM32F407\MXTmpFiles\usb_otg_hs_Msp.tmp_save
2025-02-23 00:08:34,771 [INFO] CodeEngine:279 - Generated code: C:\Users\leese\Music\STM32\STM32F407\MXTmpFiles\usb_otg_hs_Msp.tmp
2025-02-23 00:08:34,794 [WARN] IPConfigManager:3034 - Warning: the RefConfig PWREx_EnableUSBVoltageDetector is not available in your config.xml file
2025-02-23 00:08:34,805 [WARN] IPConfigManager:3034 - Warning: the RefConfig PWREx_EnableUSBVoltageDetector is not available in your config.xml file
2025-02-23 00:08:34,812 [INFO] CodeEngine:255 - oldGeneratedFile, C:\Users\leese\Music\STM32\STM32F407\MXTmpFiles\usb_otg_fs_vars.tmp_save
2025-02-23 00:08:34,875 [INFO] CodeEngine:279 - Generated code: C:\Users\leese\Music\STM32\STM32F407\MXTmpFiles\usb_otg_fs_vars.tmp
2025-02-23 00:08:34,878 [INFO] CodeEngine:255 - oldGeneratedFile, C:\Users\leese\Music\STM32\STM32F407\MXTmpFiles\usb_otg_fs_inc.tmp_save
2025-02-23 00:08:34,919 [INFO] CodeEngine:279 - Generated code: C:\Users\leese\Music\STM32\STM32F407\MXTmpFiles\usb_otg_fs_inc.tmp
2025-02-23 00:08:34,922 [INFO] CodeEngine:255 - oldGeneratedFile, C:\Users\leese\Music\STM32\STM32F407\MXTmpFiles\usb_otg_fs_HalInit.tmp_save
2025-02-23 00:08:35,003 [INFO] CodeEngine:279 - Generated code: C:\Users\leese\Music\STM32\STM32F407\MXTmpFiles\usb_otg_fs_HalInit.tmp
2025-02-23 00:08:35,006 [INFO] CodeEngine:255 - oldGeneratedFile, C:\Users\leese\Music\STM32\STM32F407\MXTmpFiles\usb_otg_fs_Msp.tmp_save
2025-02-23 00:08:35,066 [INFO] CodeEngine:279 - Generated code: C:\Users\leese\Music\STM32\STM32F407\MXTmpFiles\usb_otg_fs_Msp.tmp
2025-02-23 00:08:35,126 [WARN] IP:2251 - DEVICE_SERIAL0_HID_HS not found: check if there is a RefParameter without a condition.
2025-02-23 00:08:35,126 [WARN] IP:2251 - DEVICE_SERIAL1_HID_HS not found: check if there is a RefParameter without a condition.
2025-02-23 00:08:35,126 [WARN] IP:2251 - DEVICE_SERIAL2_HID_HS not found: check if there is a RefParameter without a condition.
2025-02-23 00:08:35,148 [WARN] IPConfigManager:3034 - Warning: the RefConfig PWREx_EnableUSBVoltageDetector is not available in your config.xml file
2025-02-23 00:08:35,157 [WARN] IPConfigManager:3034 - Warning: the RefConfig PWREx_EnableUSBVoltageDetector is not available in your config.xml file
2025-02-23 00:08:35,174 [INFO] Middleware:1450 - No code input for Bsp Dependency
2025-02-23 00:08:35,183 [INFO] Middleware:1450 - No code input for Bsp Dependency
2025-02-23 00:08:35,192 [INFO] Middleware:1450 - No code input for Bsp Dependency
2025-02-23 00:08:35,201 [INFO] Middleware:1450 - No code input for Bsp Dependency
2025-02-23 00:08:35,217 [INFO] CodeEngine:255 - oldGeneratedFile, C:\Users\leese\Music\STM32\STM32F407\USB_DEVICE\App\usb_device.c_save
2025-02-23 00:08:35,272 [INFO] CodeEngine:279 - Generated code: C:\Users\leese\Music\STM32\STM32F407\USB_DEVICE\App\usb_device.c
2025-02-23 00:08:35,277 [INFO] CodeEngine:255 - oldGeneratedFile, C:\Users\leese\Music\STM32\STM32F407\USB_DEVICE\App\usb_device.h_save
2025-02-23 00:08:35,323 [INFO] CodeEngine:279 - Generated code: C:\Users\leese\Music\STM32\STM32F407\USB_DEVICE\App\usb_device.h
2025-02-23 00:08:35,328 [INFO] CodeEngine:255 - oldGeneratedFile, C:\Users\leese\Music\STM32\STM32F407\USB_DEVICE\Target\usbd_conf.h_save
2025-02-23 00:08:35,381 [INFO] CodeEngine:279 - Generated code: C:\Users\leese\Music\STM32\STM32F407\USB_DEVICE\Target\usbd_conf.h
2025-02-23 00:08:35,397 [INFO] CodeEngine:255 - oldGeneratedFile, C:\Users\leese\Music\STM32\STM32F407\USB_DEVICE\Target\usbd_conf.c_save
2025-02-23 00:08:35,511 [INFO] CodeEngine:279 - Generated code: C:\Users\leese\Music\STM32\STM32F407\USB_DEVICE\Target\usbd_conf.c
2025-02-23 00:08:35,516 [INFO] CodeEngine:255 - oldGeneratedFile, C:\Users\leese\Music\STM32\STM32F407\USB_DEVICE\App\usbd_desc.h_save
2025-02-23 00:08:35,582 [INFO] CodeEngine:279 - Generated code: C:\Users\leese\Music\STM32\STM32F407\USB_DEVICE\App\usbd_desc.h
2025-02-23 00:08:35,595 [INFO] CodeEngine:255 - oldGeneratedFile, C:\Users\leese\Music\STM32\STM32F407\USB_DEVICE\App\usbd_desc.c_save
2025-02-23 00:08:35,667 [INFO] CodeEngine:279 - Generated code: C:\Users\leese\Music\STM32\STM32F407\USB_DEVICE\App\usbd_desc.c
2025-02-23 00:08:35,689 [INFO] CodeEngine:255 - oldGeneratedFile, C:\Users\leese\Music\STM32\STM32F407\Core\Src\stm32f4xx_it.c_save
2025-02-23 00:08:35,789 [INFO] CodeEngine:279 - Generated code: C:\Users\leese\Music\STM32\STM32F407\Core\Src\stm32f4xx_it.c
2025-02-23 00:08:35,793 [INFO] CodeEngine:255 - oldGeneratedFile, C:\Users\leese\Music\STM32\STM32F407\Core\Inc\stm32f4xx_it.h_save
2025-02-23 00:08:35,840 [INFO] CodeEngine:279 - Generated code: C:\Users\leese\Music\STM32\STM32F407\Core\Inc\stm32f4xx_it.h
2025-02-23 00:08:35,859 [INFO] CodeEngine:255 - oldGeneratedFile, C:\Users\leese\Music\STM32\STM32F407\Core\Src\stm32f4xx_hal_msp.c_save
2025-02-23 00:08:35,949 [INFO] CodeEngine:279 - Generated code: C:\Users\leese\Music\STM32\STM32F407\Core\Src\stm32f4xx_hal_msp.c
2025-02-23 00:08:35,953 [INFO] CodeEngine:255 - oldGeneratedFile, C:\Users\leese\Music\STM32\STM32F407\MXTmpFiles\system.tmp_save
2025-02-23 00:08:35,997 [INFO] CodeEngine:279 - Generated code: C:\Users\leese\Music\STM32\STM32F407\MXTmpFiles\system.tmp
2025-02-23 00:08:36,011 [INFO] CodeEngine:311 - oldGeneratedFile, C:\Users\leese\Music\STM32\STM32F407\Core\Inc\stm32f4xx_hal_conf.h_save
2025-02-23 00:08:36,076 [INFO] CodeEngine:335 - Generated code: C:\Users\leese\Music\STM32\STM32F407\Core\Inc\stm32f4xx_hal_conf.h
2025-02-23 00:08:36,101 [INFO] ApiDbMcu:508 - Load IP Config File for UART4
2025-02-23 00:08:36,103 [INFO] ApiDbMcu:508 - Load IP Config File for UART5
2025-02-23 00:08:36,121 [INFO] CodeEngine:255 - oldGeneratedFile, C:\Users\leese\Music\STM32\STM32F407\Core\Inc\main.h_save
2025-02-23 00:08:36,185 [INFO] CodeEngine:279 - Generated code: C:\Users\leese\Music\STM32\STM32F407\Core\Inc\main.h
2025-02-23 00:08:36,199 [INFO] CodeEngine:255 - oldGeneratedFile, C:\Users\leese\Music\STM32\STM32F407\Core\Src\main.c_save
2025-02-23 00:08:36,294 [INFO] CodeEngine:279 - Generated code: C:\Users\leese\Music\STM32\STM32F407\Core\Src\main.c
2025-02-23 00:08:36,587 [INFO] ProjectBuilder:3289 - Time for Copy HAL[1] : 173mS.
2025-02-23 00:08:36,591 [INFO] ProjectBuilder:4876 - Project Generator version: 4.5.0-RC5
2025-02-23 00:08:36,644 [INFO] ConfigFileManager:1579 - The Die is : DIE413
2025-02-23 00:08:37,430 [INFO] ProjectBuilder:5154 - Time for Generating toolchain IDE Files: 839mS.
2025-02-23 00:08:37,431 [INFO] ProjectBuilder:3146 - Time for Copy CMSIS : 1mS.
2025-02-23 00:08:37,455 [INFO] ProjectBuilder:3146 - Time for Copy CMSIS : 0mS.
2025-02-23 00:09:40,790 [INFO] NvicIntPanel:101 - NVIC parent = com.st.microxplorer.plugins.ip.nvic.MultiNvicIntPanel[,0,0,902x416,layout=javax.swing.BoxLayout,alignmentX=0.0,alignmentY=0.0,border=,flags=9,maximumSize=,minimumSize=,preferredSize=]
2025-02-23 00:27:11,801 [INFO] NvicIntPanel:101 - NVIC parent = com.st.microxplorer.plugins.ip.nvic.MultiNvicIntPanel[,0,0,0x0,invalid,layout=javax.swing.BoxLayout,alignmentX=0.0,alignmentY=0.0,border=,flags=9,maximumSize=,minimumSize=,preferredSize=]
2025-02-23 00:27:11,834 [WARN] IP:2251 - DEVICE_SERIAL0_HID_HS not found: check if there is a RefParameter without a condition.
2025-02-23 00:27:11,835 [WARN] IP:2251 - DEVICE_SERIAL1_HID_HS not found: check if there is a RefParameter without a condition.
2025-02-23 00:27:11,835 [WARN] IP:2251 - DEVICE_SERIAL2_HID_HS not found: check if there is a RefParameter without a condition.
2025-02-23 00:27:11,835 [WARN] IP:2251 - DEVICE_SERIAL0_HID_FS not found: check if there is a RefParameter without a condition.
2025-02-23 00:27:11,835 [WARN] IP:2251 - DEVICE_SERIAL1_HID_FS not found: check if there is a RefParameter without a condition.
2025-02-23 00:27:11,835 [WARN] IP:2251 - DEVICE_SERIAL2_HID_FS not found: check if there is a RefParameter without a condition.
2025-02-23 00:27:11,836 [WARN] IP:2251 - DEVICE_SERIAL0_HID_HS not found: check if there is a RefParameter without a condition.
2025-02-23 00:27:11,836 [WARN] IP:2251 - DEVICE_SERIAL1_HID_HS not found: check if there is a RefParameter without a condition.
2025-02-23 00:27:11,836 [WARN] IP:2251 - DEVICE_SERIAL2_HID_HS not found: check if there is a RefParameter without a condition.
2025-02-23 00:27:11,836 [WARN] IP:2251 - DEVICE_SERIAL0_HID_FS not found: check if there is a RefParameter without a condition.
2025-02-23 00:27:11,836 [WARN] IP:2251 - DEVICE_SERIAL1_HID_FS not found: check if there is a RefParameter without a condition.
2025-02-23 00:27:11,836 [WARN] IP:2251 - DEVICE_SERIAL2_HID_FS not found: check if there is a RefParameter without a condition.
2025-02-23 00:27:27,721 [INFO] NvicIntPanel:101 - NVIC parent = com.st.microxplorer.plugins.ip.nvic.MultiNvicIntPanel[,0,0,0x0,invalid,layout=javax.swing.BoxLayout,alignmentX=0.0,alignmentY=0.0,border=,flags=9,maximumSize=,minimumSize=,preferredSize=]
2025-02-23 00:27:27,747 [WARN] IP:2251 - DEVICE_SERIAL0_HID_HS not found: check if there is a RefParameter without a condition.
2025-02-23 00:27:27,747 [WARN] IP:2251 - DEVICE_SERIAL1_HID_HS not found: check if there is a RefParameter without a condition.
2025-02-23 00:27:27,747 [WARN] IP:2251 - DEVICE_SERIAL2_HID_HS not found: check if there is a RefParameter without a condition.
2025-02-23 00:27:27,747 [WARN] IP:2251 - DEVICE_SERIAL0_HID_FS not found: check if there is a RefParameter without a condition.
2025-02-23 00:27:27,748 [WARN] IP:2251 - DEVICE_SERIAL1_HID_FS not found: check if there is a RefParameter without a condition.
2025-02-23 00:27:27,748 [WARN] IP:2251 - DEVICE_SERIAL2_HID_FS not found: check if there is a RefParameter without a condition.
2025-02-23 00:27:27,748 [WARN] IP:2251 - DEVICE_SERIAL0_HID_HS not found: check if there is a RefParameter without a condition.
2025-02-23 00:27:27,748 [WARN] IP:2251 - DEVICE_SERIAL1_HID_HS not found: check if there is a RefParameter without a condition.
2025-02-23 00:27:27,748 [WARN] IP:2251 - DEVICE_SERIAL2_HID_HS not found: check if there is a RefParameter without a condition.
2025-02-23 00:27:27,748 [WARN] IP:2251 - DEVICE_SERIAL0_HID_FS not found: check if there is a RefParameter without a condition.
2025-02-23 00:27:27,748 [WARN] IP:2251 - DEVICE_SERIAL1_HID_FS not found: check if there is a RefParameter without a condition.
2025-02-23 00:27:27,748 [WARN] IP:2251 - DEVICE_SERIAL2_HID_FS not found: check if there is a RefParameter without a condition.
2025-02-23 00:27:32,902 [INFO] UtilMem:75 - End SaveConfig() Used Memory: 603851144 Bytes (671088640)
2025-02-23 00:27:32,950 [INFO] UtilMem:75 - End SaveConfig() Used Memory: 623774088 Bytes (671088640)
2025-02-23 00:27:33,381 [INFO] UtilMem:75 - End SaveConfig() Used Memory: 359280552 Bytes (688914432)
2025-02-23 00:27:33,575 [INFO] BlockDiagram:2766 - set Specific Code input for plugin: USB_OTG_HS
2025-02-23 00:27:33,575 [INFO] BlockDiagram:2766 - set Specific Code input for plugin: USB_DEVICE
2025-02-23 00:27:33,575 [INFO] BlockDiagram:2766 - set Specific Code input for plugin: SYS
2025-02-23 00:27:33,575 [INFO] BlockDiagram:2766 - set Specific Code input for plugin: RCC
2025-02-23 00:27:33,575 [INFO] BlockDiagram:2766 - set Specific Code input for plugin: USB_OTG_FS
2025-02-23 00:27:33,575 [INFO] BlockDiagram:2766 - set Specific Code input for plugin: NVIC
2025-02-23 00:27:33,575 [INFO] BlockDiagram:2766 - set Specific Code input for plugin: UART
2025-02-23 00:27:33,575 [INFO] BlockDiagram:2766 - set Specific Code input for plugin: UART
2025-02-23 00:27:33,576 [INFO] BlockDiagram:2766 - set Specific Code input for plugin: GPIO
2025-02-23 00:27:33,577 [INFO] CodeGenerator:896 - code generatio: config db path: C:\ST\STM32CubeIDE_1.17.0\STM32CubeIDE\plugins\com.st.stm32cube.common.mx_6.13.0.202411220809\\db\
2025-02-23 00:27:33,584 [WARN] IP:2251 - DEVICE_SERIAL0_HID_HS not found: check if there is a RefParameter without a condition.
2025-02-23 00:27:33,584 [WARN] IP:2251 - DEVICE_SERIAL1_HID_HS not found: check if there is a RefParameter without a condition.
2025-02-23 00:27:33,584 [WARN] IP:2251 - DEVICE_SERIAL2_HID_HS not found: check if there is a RefParameter without a condition.
2025-02-23 00:27:33,584 [WARN] IP:2251 - DEVICE_SERIAL0_HID_FS not found: check if there is a RefParameter without a condition.
2025-02-23 00:27:33,584 [WARN] IP:2251 - DEVICE_SERIAL1_HID_FS not found: check if there is a RefParameter without a condition.
2025-02-23 00:27:33,584 [WARN] IP:2251 - DEVICE_SERIAL2_HID_FS not found: check if there is a RefParameter without a condition.
2025-02-23 00:27:33,631 [INFO] CodeEngine:255 - oldGeneratedFile, C:\Users\leese\Music\STM32\STM32F407\MXTmpFiles\license.tmp_save
2025-02-23 00:27:33,810 [INFO] CodeEngine:279 - Generated code: C:\Users\leese\Music\STM32\STM32F407\MXTmpFiles\license.tmp
2025-02-23 00:27:33,836 [INFO] CodeEngine:255 - oldGeneratedFile, C:\Users\leese\Music\STM32\STM32F407\MXTmpFiles\gpio.tmp_save
2025-02-23 00:27:33,944 [INFO] CodeEngine:279 - Generated code: C:\Users\leese\Music\STM32\STM32F407\MXTmpFiles\gpio.tmp
2025-02-23 00:27:33,985 [WARN] IPConfigManager:3034 - Warning: the RefConfig PWREx_EnableUSBVoltageDetector is not available in your config.xml file
2025-02-23 00:27:34,005 [WARN] IPConfigManager:3034 - Warning: the RefConfig PWREx_EnableUSBVoltageDetector is not available in your config.xml file
2025-02-23 00:27:34,013 [INFO] CodeEngine:255 - oldGeneratedFile, C:\Users\leese\Music\STM32\STM32F407\MXTmpFiles\usb_otg_hs_vars.tmp_save
2025-02-23 00:27:34,107 [INFO] CodeEngine:279 - Generated code: C:\Users\leese\Music\STM32\STM32F407\MXTmpFiles\usb_otg_hs_vars.tmp
2025-02-23 00:27:34,110 [INFO] CodeEngine:255 - oldGeneratedFile, C:\Users\leese\Music\STM32\STM32F407\MXTmpFiles\usb_otg_hs_inc.tmp_save
2025-02-23 00:27:34,174 [INFO] CodeEngine:279 - Generated code: C:\Users\leese\Music\STM32\STM32F407\MXTmpFiles\usb_otg_hs_inc.tmp
2025-02-23 00:27:34,177 [INFO] CodeEngine:255 - oldGeneratedFile, C:\Users\leese\Music\STM32\STM32F407\MXTmpFiles\usb_otg_hs_HalInit.tmp_save
2025-02-23 00:27:34,254 [INFO] CodeEngine:279 - Generated code: C:\Users\leese\Music\STM32\STM32F407\MXTmpFiles\usb_otg_hs_HalInit.tmp
2025-02-23 00:27:34,257 [INFO] CodeEngine:255 - oldGeneratedFile, C:\Users\leese\Music\STM32\STM32F407\MXTmpFiles\usb_otg_hs_Msp.tmp_save
2025-02-23 00:27:34,323 [INFO] CodeEngine:279 - Generated code: C:\Users\leese\Music\STM32\STM32F407\MXTmpFiles\usb_otg_hs_Msp.tmp
2025-02-23 00:27:34,350 [WARN] IPConfigManager:3034 - Warning: the RefConfig PWREx_EnableUSBVoltageDetector is not available in your config.xml file
2025-02-23 00:27:34,362 [WARN] IPConfigManager:3034 - Warning: the RefConfig PWREx_EnableUSBVoltageDetector is not available in your config.xml file
2025-02-23 00:27:34,368 [INFO] CodeEngine:255 - oldGeneratedFile, C:\Users\leese\Music\STM32\STM32F407\MXTmpFiles\usb_otg_fs_vars.tmp_save
2025-02-23 00:27:34,424 [INFO] CodeEngine:279 - Generated code: C:\Users\leese\Music\STM32\STM32F407\MXTmpFiles\usb_otg_fs_vars.tmp
2025-02-23 00:27:34,427 [INFO] CodeEngine:255 - oldGeneratedFile, C:\Users\leese\Music\STM32\STM32F407\MXTmpFiles\usb_otg_fs_inc.tmp_save
2025-02-23 00:27:34,473 [INFO] CodeEngine:279 - Generated code: C:\Users\leese\Music\STM32\STM32F407\MXTmpFiles\usb_otg_fs_inc.tmp
2025-02-23 00:27:34,477 [INFO] CodeEngine:255 - oldGeneratedFile, C:\Users\leese\Music\STM32\STM32F407\MXTmpFiles\usb_otg_fs_HalInit.tmp_save
2025-02-23 00:27:34,552 [INFO] CodeEngine:279 - Generated code: C:\Users\leese\Music\STM32\STM32F407\MXTmpFiles\usb_otg_fs_HalInit.tmp
2025-02-23 00:27:34,556 [INFO] CodeEngine:255 - oldGeneratedFile, C:\Users\leese\Music\STM32\STM32F407\MXTmpFiles\usb_otg_fs_Msp.tmp_save
2025-02-23 00:27:34,628 [INFO] CodeEngine:279 - Generated code: C:\Users\leese\Music\STM32\STM32F407\MXTmpFiles\usb_otg_fs_Msp.tmp
2025-02-23 00:27:34,684 [WARN] IP:2251 - DEVICE_SERIAL0_HID_HS not found: check if there is a RefParameter without a condition.
2025-02-23 00:27:34,684 [WARN] IP:2251 - DEVICE_SERIAL1_HID_HS not found: check if there is a RefParameter without a condition.
2025-02-23 00:27:34,684 [WARN] IP:2251 - DEVICE_SERIAL2_HID_HS not found: check if there is a RefParameter without a condition.
2025-02-23 00:27:34,708 [WARN] IPConfigManager:3034 - Warning: the RefConfig PWREx_EnableUSBVoltageDetector is not available in your config.xml file
2025-02-23 00:27:34,719 [WARN] IPConfigManager:3034 - Warning: the RefConfig PWREx_EnableUSBVoltageDetector is not available in your config.xml file
2025-02-23 00:27:34,740 [INFO] Middleware:1450 - No code input for Bsp Dependency
2025-02-23 00:27:34,754 [INFO] Middleware:1450 - No code input for Bsp Dependency
2025-02-23 00:27:34,764 [INFO] Middleware:1450 - No code input for Bsp Dependency
2025-02-23 00:27:34,774 [INFO] Middleware:1450 - No code input for Bsp Dependency
2025-02-23 00:27:34,789 [INFO] CodeEngine:255 - oldGeneratedFile, C:\Users\leese\Music\STM32\STM32F407\USB_DEVICE\App\usb_device.c_save
2025-02-23 00:27:34,845 [INFO] CodeEngine:279 - Generated code: C:\Users\leese\Music\STM32\STM32F407\USB_DEVICE\App\usb_device.c
2025-02-23 00:27:34,858 [INFO] CodeEngine:255 - oldGeneratedFile, C:\Users\leese\Music\STM32\STM32F407\USB_DEVICE\App\usb_device.h_save
2025-02-23 00:27:34,906 [INFO] CodeEngine:279 - Generated code: C:\Users\leese\Music\STM32\STM32F407\USB_DEVICE\App\usb_device.h
2025-02-23 00:27:34,911 [INFO] CodeEngine:255 - oldGeneratedFile, C:\Users\leese\Music\STM32\STM32F407\USB_DEVICE\Target\usbd_conf.h_save
2025-02-23 00:27:34,955 [INFO] CodeEngine:279 - Generated code: C:\Users\leese\Music\STM32\STM32F407\USB_DEVICE\Target\usbd_conf.h
2025-02-23 00:27:34,968 [INFO] CodeEngine:255 - oldGeneratedFile, C:\Users\leese\Music\STM32\STM32F407\USB_DEVICE\Target\usbd_conf.c_save
2025-02-23 00:27:35,039 [INFO] CodeEngine:279 - Generated code: C:\Users\leese\Music\STM32\STM32F407\USB_DEVICE\Target\usbd_conf.c
2025-02-23 00:27:35,045 [INFO] CodeEngine:255 - oldGeneratedFile, C:\Users\leese\Music\STM32\STM32F407\USB_DEVICE\App\usbd_desc.h_save
2025-02-23 00:27:35,086 [INFO] CodeEngine:279 - Generated code: C:\Users\leese\Music\STM32\STM32F407\USB_DEVICE\App\usbd_desc.h
2025-02-23 00:27:35,099 [INFO] CodeEngine:255 - oldGeneratedFile, C:\Users\leese\Music\STM32\STM32F407\USB_DEVICE\App\usbd_desc.c_save
2025-02-23 00:27:35,167 [INFO] CodeEngine:279 - Generated code: C:\Users\leese\Music\STM32\STM32F407\USB_DEVICE\App\usbd_desc.c
2025-02-23 00:27:35,182 [INFO] CodeEngine:255 - oldGeneratedFile, C:\Users\leese\Music\STM32\STM32F407\Core\Src\stm32f4xx_it.c_save
2025-02-23 00:27:35,299 [INFO] CodeEngine:279 - Generated code: C:\Users\leese\Music\STM32\STM32F407\Core\Src\stm32f4xx_it.c
2025-02-23 00:27:35,303 [INFO] CodeEngine:255 - oldGeneratedFile, C:\Users\leese\Music\STM32\STM32F407\Core\Inc\stm32f4xx_it.h_save
2025-02-23 00:27:35,348 [INFO] CodeEngine:279 - Generated code: C:\Users\leese\Music\STM32\STM32F407\Core\Inc\stm32f4xx_it.h
2025-02-23 00:27:35,371 [INFO] CodeEngine:255 - oldGeneratedFile, C:\Users\leese\Music\STM32\STM32F407\Core\Src\stm32f4xx_hal_msp.c_save
2025-02-23 00:27:35,434 [INFO] CodeEngine:279 - Generated code: C:\Users\leese\Music\STM32\STM32F407\Core\Src\stm32f4xx_hal_msp.c
2025-02-23 00:27:35,437 [INFO] CodeEngine:255 - oldGeneratedFile, C:\Users\leese\Music\STM32\STM32F407\MXTmpFiles\system.tmp_save
2025-02-23 00:27:35,476 [INFO] CodeEngine:279 - Generated code: C:\Users\leese\Music\STM32\STM32F407\MXTmpFiles\system.tmp
2025-02-23 00:27:35,492 [INFO] CodeEngine:311 - oldGeneratedFile, C:\Users\leese\Music\STM32\STM32F407\Core\Inc\stm32f4xx_hal_conf.h_save
2025-02-23 00:27:35,554 [INFO] CodeEngine:335 - Generated code: C:\Users\leese\Music\STM32\STM32F407\Core\Inc\stm32f4xx_hal_conf.h
2025-02-23 00:27:35,587 [INFO] CodeEngine:255 - oldGeneratedFile, C:\Users\leese\Music\STM32\STM32F407\Core\Inc\main.h_save
2025-02-23 00:27:35,644 [INFO] CodeEngine:279 - Generated code: C:\Users\leese\Music\STM32\STM32F407\Core\Inc\main.h
2025-02-23 00:27:35,655 [INFO] CodeEngine:255 - oldGeneratedFile, C:\Users\leese\Music\STM32\STM32F407\Core\Src\main.c_save
2025-02-23 00:27:35,740 [INFO] CodeEngine:279 - Generated code: C:\Users\leese\Music\STM32\STM32F407\Core\Src\main.c
2025-02-23 00:27:36,063 [INFO] ProjectBuilder:3289 - Time for Copy HAL[1] : 160mS.
2025-02-23 00:27:36,068 [INFO] ProjectBuilder:4876 - Project Generator version: 4.5.0-RC5
2025-02-23 00:27:36,121 [INFO] ConfigFileManager:1579 - The Die is : DIE413
2025-02-23 00:27:36,747 [INFO] ProjectBuilder:5154 - Time for Generating toolchain IDE Files: 679mS.
2025-02-23 00:27:36,748 [INFO] ProjectBuilder:3146 - Time for Copy CMSIS : 1mS.
2025-02-23 00:27:36,752 [INFO] ProjectBuilder:3146 - Time for Copy CMSIS : 0mS.
