2025-02-26 01:28:11,782 [WARN] IP:2251 - DEVICE_SERIAL0_HID_HS not found: check if there is a RefParameter without a condition.
2025-02-26 01:28:11,794 [WARN] IP:2251 - DEVICE_SERIAL1_HID_HS not found: check if there is a RefParameter without a condition.
2025-02-26 01:28:11,794 [WARN] IP:2251 - DEVICE_SERIAL2_HID_HS not found: check if there is a RefParameter without a condition.
2025-02-26 01:28:25,656 [INFO] NvicIntPanel:101 - NVIC parent = com.st.microxplorer.plugins.ip.nvic.MultiNvicIntPanel[,0,0,0x0,invalid,layout=javax.swing.BoxLayout,alignmentX=0.0,alignmentY=0.0,border=,flags=9,maximumSize=,minimumSize=,preferredSize=]
2025-02-26 01:28:28,717 [WARN] IP:2251 - DEVICE_SERIAL0_HID_HS not found: check if there is a RefParameter without a condition.
2025-02-26 01:28:28,717 [WARN] IP:2251 - DEVICE_SERIAL1_HID_HS not found: check if there is a RefParameter without a condition.
2025-02-26 01:28:28,717 [WARN] IP:2251 - DEVICE_SERIAL2_HID_HS not found: check if there is a RefParameter without a condition.
2025-02-26 01:28:32,647 [WARN] IP:2251 - DEVICE_SERIAL0_HID_HS not found: check if there is a RefParameter without a condition.
2025-02-26 01:28:32,647 [WARN] IP:2251 - DEVICE_SERIAL1_HID_HS not found: check if there is a RefParameter without a condition.
2025-02-26 01:28:32,647 [WARN] IP:2251 - DEVICE_SERIAL2_HID_HS not found: check if there is a RefParameter without a condition.
2025-02-26 01:28:33,729 [WARN] IP:2251 - DEVICE_SERIAL0_HID_HS not found: check if there is a RefParameter without a condition.
2025-02-26 01:28:33,729 [WARN] IP:2251 - DEVICE_SERIAL1_HID_HS not found: check if there is a RefParameter without a condition.
2025-02-26 01:28:33,729 [WARN] IP:2251 - DEVICE_SERIAL2_HID_HS not found: check if there is a RefParameter without a condition.
2025-02-26 01:28:35,170 [WARN] IP:2251 - DEVICE_SERIAL0_HID_HS not found: check if there is a RefParameter without a condition.
2025-02-26 01:28:35,171 [WARN] IP:2251 - DEVICE_SERIAL1_HID_HS not found: check if there is a RefParameter without a condition.
2025-02-26 01:28:35,171 [WARN] IP:2251 - DEVICE_SERIAL2_HID_HS not found: check if there is a RefParameter without a condition.
2025-02-26 01:28:52,244 [WARN] IP:2251 - DEVICE_SERIAL0_HID_HS not found: check if there is a RefParameter without a condition.
2025-02-26 01:28:52,244 [WARN] IP:2251 - DEVICE_SERIAL1_HID_HS not found: check if there is a RefParameter without a condition.
2025-02-26 01:28:52,244 [WARN] IP:2251 - DEVICE_SERIAL2_HID_HS not found: check if there is a RefParameter without a condition.
2025-02-26 01:28:52,245 [WARN] IP:2251 - DEVICE_SERIAL0_HID_HS not found: check if there is a RefParameter without a condition.
2025-02-26 01:28:52,245 [WARN] IP:2251 - DEVICE_SERIAL1_HID_HS not found: check if there is a RefParameter without a condition.
2025-02-26 01:28:52,245 [WARN] IP:2251 - DEVICE_SERIAL2_HID_HS not found: check if there is a RefParameter without a condition.
2025-02-26 01:28:52,303 [WARN] IP:2251 - DEVICE_SERIAL0_HID_HS not found: check if there is a RefParameter without a condition.
2025-02-26 01:28:52,303 [WARN] IP:2251 - DEVICE_SERIAL1_HID_HS not found: check if there is a RefParameter without a condition.
2025-02-26 01:28:52,304 [WARN] IP:2251 - DEVICE_SERIAL2_HID_HS not found: check if there is a RefParameter without a condition.
2025-02-26 01:28:52,361 [WARN] IP:2251 - DEVICE_SERIAL0_HID_HS not found: check if there is a RefParameter without a condition.
2025-02-26 01:28:52,361 [WARN] IP:2251 - DEVICE_SERIAL1_HID_HS not found: check if there is a RefParameter without a condition.
2025-02-26 01:28:52,361 [WARN] IP:2251 - DEVICE_SERIAL2_HID_HS not found: check if there is a RefParameter without a condition.
2025-02-26 01:28:55,217 [WARN] IP:2251 - DEVICE_SERIAL0_HID_HS not found: check if there is a RefParameter without a condition.
2025-02-26 01:28:55,217 [WARN] IP:2251 - DEVICE_SERIAL1_HID_HS not found: check if there is a RefParameter without a condition.
2025-02-26 01:28:55,217 [WARN] IP:2251 - DEVICE_SERIAL2_HID_HS not found: check if there is a RefParameter without a condition.
2025-02-26 01:28:55,217 [WARN] IP:2251 - DEVICE_SERIAL0_HID_HS not found: check if there is a RefParameter without a condition.
2025-02-26 01:28:55,217 [WARN] IP:2251 - DEVICE_SERIAL1_HID_HS not found: check if there is a RefParameter without a condition.
2025-02-26 01:28:55,217 [WARN] IP:2251 - DEVICE_SERIAL2_HID_HS not found: check if there is a RefParameter without a condition.
2025-02-26 01:28:55,280 [WARN] IP:2251 - DEVICE_SERIAL0_HID_HS not found: check if there is a RefParameter without a condition.
2025-02-26 01:28:55,280 [WARN] IP:2251 - DEVICE_SERIAL1_HID_HS not found: check if there is a RefParameter without a condition.
2025-02-26 01:28:55,280 [WARN] IP:2251 - DEVICE_SERIAL2_HID_HS not found: check if there is a RefParameter without a condition.
2025-02-26 01:28:55,334 [WARN] IP:2251 - DEVICE_SERIAL0_HID_HS not found: check if there is a RefParameter without a condition.
2025-02-26 01:28:55,334 [WARN] IP:2251 - DEVICE_SERIAL1_HID_HS not found: check if there is a RefParameter without a condition.
2025-02-26 01:28:55,334 [WARN] IP:2251 - DEVICE_SERIAL2_HID_HS not found: check if there is a RefParameter without a condition.
2025-02-26 01:28:58,419 [INFO] NvicIntPanel:101 - NVIC parent = com.st.microxplorer.plugins.ip.nvic.MultiNvicIntPanel[,0,0,0x0,invalid,layout=javax.swing.BoxLayout,alignmentX=0.0,alignmentY=0.0,border=,flags=9,maximumSize=,minimumSize=,preferredSize=]
2025-02-26 01:29:09,290 [INFO] NvicIntPanel:101 - NVIC parent = com.st.microxplorer.plugins.ip.nvic.MultiNvicIntPanel[,0,0,0x0,invalid,layout=javax.swing.BoxLayout,alignmentX=0.0,alignmentY=0.0,border=,flags=9,maximumSize=,minimumSize=,preferredSize=]
2025-02-26 01:29:10,425 [INFO] NvicIntPanel:101 - NVIC parent = com.st.microxplorer.plugins.ip.nvic.MultiNvicIntPanel[,0,0,0x0,invalid,layout=javax.swing.BoxLayout,alignmentX=0.0,alignmentY=0.0,border=,flags=9,maximumSize=,minimumSize=,preferredSize=]
2025-02-26 01:29:12,022 [INFO] NvicIntPanel:101 - NVIC parent = com.st.microxplorer.plugins.ip.nvic.MultiNvicIntPanel[,0,0,0x0,invalid,layout=javax.swing.BoxLayout,alignmentX=0.0,alignmentY=0.0,border=,flags=9,maximumSize=,minimumSize=,preferredSize=]
2025-02-26 01:29:18,227 [WARN] IP:2251 - DEVICE_SERIAL0_HID_HS not found: check if there is a RefParameter without a condition.
2025-02-26 01:29:18,227 [WARN] IP:2251 - DEVICE_SERIAL1_HID_HS not found: check if there is a RefParameter without a condition.
2025-02-26 01:29:18,227 [WARN] IP:2251 - DEVICE_SERIAL2_HID_HS not found: check if there is a RefParameter without a condition.
2025-02-26 01:29:18,227 [WARN] IP:2251 - DEVICE_SERIAL0_HID_HS not found: check if there is a RefParameter without a condition.
2025-02-26 01:29:18,227 [WARN] IP:2251 - DEVICE_SERIAL1_HID_HS not found: check if there is a RefParameter without a condition.
2025-02-26 01:29:18,227 [WARN] IP:2251 - DEVICE_SERIAL2_HID_HS not found: check if there is a RefParameter without a condition.
2025-02-26 01:29:18,285 [INFO] NvicIntPanel:101 - NVIC parent = com.st.microxplorer.plugins.ip.nvic.MultiNvicIntPanel[,0,0,0x0,invalid,layout=javax.swing.BoxLayout,alignmentX=0.0,alignmentY=0.0,border=,flags=9,maximumSize=,minimumSize=,preferredSize=]
2025-02-26 01:29:18,346 [WARN] IP:2251 - DEVICE_SERIAL0_HID_HS not found: check if there is a RefParameter without a condition.
2025-02-26 01:29:18,346 [WARN] IP:2251 - DEVICE_SERIAL1_HID_HS not found: check if there is a RefParameter without a condition.
2025-02-26 01:29:18,346 [WARN] IP:2251 - DEVICE_SERIAL2_HID_HS not found: check if there is a RefParameter without a condition.
2025-02-26 01:29:18,346 [WARN] IP:2251 - DEVICE_SERIAL0_HID_HS not found: check if there is a RefParameter without a condition.
2025-02-26 01:29:18,346 [WARN] IP:2251 - DEVICE_SERIAL1_HID_HS not found: check if there is a RefParameter without a condition.
2025-02-26 01:29:18,346 [WARN] IP:2251 - DEVICE_SERIAL2_HID_HS not found: check if there is a RefParameter without a condition.
2025-02-26 01:29:18,400 [INFO] NvicIntPanel:101 - NVIC parent = com.st.microxplorer.plugins.ip.nvic.MultiNvicIntPanel[,0,0,0x0,invalid,layout=javax.swing.BoxLayout,alignmentX=0.0,alignmentY=0.0,border=,flags=9,maximumSize=,minimumSize=,preferredSize=]
2025-02-26 01:29:23,290 [INFO] UtilMem:75 - End SaveConfig() Used Memory: 426286840 Bytes (1052770304)
2025-02-26 01:29:23,395 [INFO] UtilMem:75 - End SaveConfig() Used Memory: 499996688 Bytes (1052770304)
2025-02-26 01:29:24,014 [INFO] UtilMem:75 - End SaveConfig() Used Memory: 599089168 Bytes (1052770304)
2025-02-26 01:29:24,455 [INFO] BlockDiagram:2766 - set Specific Code input for plugin: USB_OTG_HS
2025-02-26 01:29:24,455 [INFO] BlockDiagram:2766 - set Specific Code input for plugin: RCC
2025-02-26 01:29:24,455 [INFO] BlockDiagram:2766 - set Specific Code input for plugin: MEMORYMAP
2025-02-26 01:29:24,455 [INFO] BlockDiagram:2766 - set Specific Code input for plugin: USB_DEVICE
2025-02-26 01:29:24,455 [INFO] BlockDiagram:2766 - set Specific Code input for plugin: SYS
2025-02-26 01:29:24,455 [INFO] BlockDiagram:2766 - set Specific Code input for plugin: NVIC
2025-02-26 01:29:24,455 [INFO] BlockDiagram:2766 - set Specific Code input for plugin: CORTEX_M7
2025-02-26 01:29:24,455 [INFO] BlockDiagram:2766 - set Specific Code input for plugin: UART
2025-02-26 01:29:24,456 [INFO] BlockDiagram:2766 - set Specific Code input for plugin: GPIO
2025-02-26 01:29:24,457 [INFO] CodeGenerator:896 - code generatio: config db path: C:\ST\STM32CubeIDE_1.17.0\STM32CubeIDE\plugins\com.st.stm32cube.common.mx_6.13.0.202411220809\\db\
2025-02-26 01:29:24,492 [WARN] IP:2251 - DEVICE_SERIAL0_HID_HS not found: check if there is a RefParameter without a condition.
2025-02-26 01:29:24,492 [WARN] IP:2251 - DEVICE_SERIAL1_HID_HS not found: check if there is a RefParameter without a condition.
2025-02-26 01:29:24,492 [WARN] IP:2251 - DEVICE_SERIAL2_HID_HS not found: check if there is a RefParameter without a condition.
2025-02-26 01:29:24,644 [INFO] CodeEngine:255 - oldGeneratedFile, C:\Users\leese\Music\STM32\STM32H723\MXTmpFiles\license.tmp_save
2025-02-26 01:29:24,886 [INFO] CodeEngine:279 - Generated code: C:\Users\leese\Music\STM32\STM32H723\MXTmpFiles\license.tmp
2025-02-26 01:29:25,016 [INFO] CodeEngine:255 - oldGeneratedFile, C:\Users\leese\Music\STM32\STM32H723\MXTmpFiles\gpio.tmp_save
2025-02-26 01:29:25,186 [INFO] CodeEngine:279 - Generated code: C:\Users\leese\Music\STM32\STM32H723\MXTmpFiles\gpio.tmp
2025-02-26 01:29:25,362 [INFO] CodeEngine:255 - oldGeneratedFile, C:\Users\leese\Music\STM32\STM32H723\MXTmpFiles\usb_otg_hs_vars.tmp_save
2025-02-26 01:29:25,450 [INFO] CodeEngine:279 - Generated code: C:\Users\leese\Music\STM32\STM32H723\MXTmpFiles\usb_otg_hs_vars.tmp
2025-02-26 01:29:25,459 [INFO] CodeEngine:255 - oldGeneratedFile, C:\Users\leese\Music\STM32\STM32H723\MXTmpFiles\usb_otg_hs_inc.tmp_save
2025-02-26 01:29:25,520 [INFO] CodeEngine:279 - Generated code: C:\Users\leese\Music\STM32\STM32H723\MXTmpFiles\usb_otg_hs_inc.tmp
2025-02-26 01:29:25,539 [INFO] CodeEngine:255 - oldGeneratedFile, C:\Users\leese\Music\STM32\STM32H723\MXTmpFiles\usb_otg_hs_HalInit.tmp_save
2025-02-26 01:29:25,624 [INFO] CodeEngine:279 - Generated code: C:\Users\leese\Music\STM32\STM32H723\MXTmpFiles\usb_otg_hs_HalInit.tmp
2025-02-26 01:29:25,638 [INFO] CodeEngine:255 - oldGeneratedFile, C:\Users\leese\Music\STM32\STM32H723\MXTmpFiles\usb_otg_hs_Msp.tmp_save
2025-02-26 01:29:25,724 [INFO] CodeEngine:279 - Generated code: C:\Users\leese\Music\STM32\STM32H723\MXTmpFiles\usb_otg_hs_Msp.tmp
2025-02-26 01:29:25,763 [WARN] IPConfigManager:98 - WARNING: Missing Config File for MEMORYMAP ip!!
2025-02-26 01:29:25,988 [INFO] Middleware:1450 - No code input for Bsp Dependency
2025-02-26 01:29:25,989 [ERROR] SWIPConfigModel:147 - Object (RefParameter) name : DEVICE_SERIAL2_HID_HS  is not a String or a Boolean
2025-02-26 01:29:25,989 [ERROR] SWIPConfigModel:147 - Object (RefParameter) name : DEVICE_SERIAL0_HID_HS  is not a String or a Boolean
2025-02-26 01:29:25,989 [ERROR] SWIPConfigModel:147 - Object (RefParameter) name : DEVICE_SERIAL1_HID_HS  is not a String or a Boolean
2025-02-26 01:29:26,001 [INFO] CodeEngine:255 - oldGeneratedFile, C:\Users\leese\Music\STM32\STM32H723\MXTmpFiles\cortex.tmp_save
2025-02-26 01:29:26,075 [INFO] CodeEngine:279 - Generated code: C:\Users\leese\Music\STM32\STM32H723\MXTmpFiles\cortex.tmp
2025-02-26 01:29:26,101 [INFO] Middleware:1450 - No code input for Bsp Dependency
2025-02-26 01:29:26,102 [ERROR] SWIPConfigModel:147 - Object (RefParameter) name : DEVICE_SERIAL2_HID_HS  is not a String or a Boolean
2025-02-26 01:29:26,102 [ERROR] SWIPConfigModel:147 - Object (RefParameter) name : DEVICE_SERIAL0_HID_HS  is not a String or a Boolean
2025-02-26 01:29:26,102 [ERROR] SWIPConfigModel:147 - Object (RefParameter) name : DEVICE_SERIAL1_HID_HS  is not a String or a Boolean
2025-02-26 01:29:26,121 [INFO] CodeEngine:255 - oldGeneratedFile, C:\Users\leese\Music\STM32\STM32H723\USB_DEVICE\App\usb_device.c_save
2025-02-26 01:29:26,194 [INFO] CodeEngine:279 - Generated code: C:\Users\leese\Music\STM32\STM32H723\USB_DEVICE\App\usb_device.c
2025-02-26 01:29:26,214 [INFO] CodeEngine:255 - oldGeneratedFile, C:\Users\leese\Music\STM32\STM32H723\USB_DEVICE\App\usb_device.h_save
2025-02-26 01:29:26,274 [INFO] CodeEngine:279 - Generated code: C:\Users\leese\Music\STM32\STM32H723\USB_DEVICE\App\usb_device.h
2025-02-26 01:29:26,291 [INFO] CodeEngine:255 - oldGeneratedFile, C:\Users\leese\Music\STM32\STM32H723\USB_DEVICE\Target\usbd_conf.h_save
2025-02-26 01:29:26,356 [INFO] CodeEngine:279 - Generated code: C:\Users\leese\Music\STM32\STM32H723\USB_DEVICE\Target\usbd_conf.h
2025-02-26 01:29:26,373 [INFO] CodeEngine:255 - oldGeneratedFile, C:\Users\leese\Music\STM32\STM32H723\USB_DEVICE\Target\usbd_conf.c_save
2025-02-26 01:29:26,445 [INFO] CodeEngine:279 - Generated code: C:\Users\leese\Music\STM32\STM32H723\USB_DEVICE\Target\usbd_conf.c
2025-02-26 01:29:26,462 [INFO] CodeEngine:255 - oldGeneratedFile, C:\Users\leese\Music\STM32\STM32H723\USB_DEVICE\App\usbd_desc.h_save
2025-02-26 01:29:26,523 [INFO] CodeEngine:279 - Generated code: C:\Users\leese\Music\STM32\STM32H723\USB_DEVICE\App\usbd_desc.h
2025-02-26 01:29:26,541 [INFO] CodeEngine:255 - oldGeneratedFile, C:\Users\leese\Music\STM32\STM32H723\USB_DEVICE\App\usbd_desc.c_save
2025-02-26 01:29:26,624 [INFO] CodeEngine:279 - Generated code: C:\Users\leese\Music\STM32\STM32H723\USB_DEVICE\App\usbd_desc.c
2025-02-26 01:29:26,650 [INFO] CodeEngine:255 - oldGeneratedFile, C:\Users\leese\Music\STM32\STM32H723\Core\Src\stm32h7xx_it.c_save
2025-02-26 01:29:26,733 [INFO] CodeEngine:279 - Generated code: C:\Users\leese\Music\STM32\STM32H723\Core\Src\stm32h7xx_it.c
2025-02-26 01:29:26,753 [INFO] CodeEngine:255 - oldGeneratedFile, C:\Users\leese\Music\STM32\STM32H723\Core\Inc\stm32h7xx_it.h_save
2025-02-26 01:29:26,812 [INFO] CodeEngine:279 - Generated code: C:\Users\leese\Music\STM32\STM32H723\Core\Inc\stm32h7xx_it.h
2025-02-26 01:29:26,909 [INFO] CodeEngine:255 - oldGeneratedFile, C:\Users\leese\Music\STM32\STM32H723\Core\Src\stm32h7xx_hal_msp.c_save
2025-02-26 01:29:27,007 [INFO] CodeEngine:279 - Generated code: C:\Users\leese\Music\STM32\STM32H723\Core\Src\stm32h7xx_hal_msp.c
2025-02-26 01:29:27,018 [INFO] CodeEngine:255 - oldGeneratedFile, C:\Users\leese\Music\STM32\STM32H723\MXTmpFiles\system.tmp_save
2025-02-26 01:29:27,068 [INFO] CodeEngine:279 - Generated code: C:\Users\leese\Music\STM32\STM32H723\MXTmpFiles\system.tmp
2025-02-26 01:29:27,088 [INFO] CodeEngine:311 - oldGeneratedFile, C:\Users\leese\Music\STM32\STM32H723\Core\Inc\stm32h7xx_hal_conf.h_save
2025-02-26 01:29:27,160 [INFO] CodeEngine:335 - Generated code: C:\Users\leese\Music\STM32\STM32H723\Core\Inc\stm32h7xx_hal_conf.h
2025-02-26 01:29:27,194 [ERROR] ApiDbMcu:464 - Can't load MEMORYMAP-STM32xx root dir null
2025-02-26 01:29:27,195 [ERROR] ApiDbMcu:536 - Cannot parse MEMORYMAP_Config file : file do not exist
2025-02-26 01:29:27,202 [INFO] ApiDbMcu:508 - Load IP Config File for UART4
2025-02-26 01:29:27,206 [INFO] ApiDbMcu:508 - Load IP Config File for RCC
2025-02-26 01:29:27,238 [INFO] CodeEngine:255 - oldGeneratedFile, C:\Users\leese\Music\STM32\STM32H723\Core\Inc\main.h_save
2025-02-26 01:29:27,309 [INFO] CodeEngine:279 - Generated code: C:\Users\leese\Music\STM32\STM32H723\Core\Inc\main.h
2025-02-26 01:29:27,330 [INFO] CodeEngine:255 - oldGeneratedFile, C:\Users\leese\Music\STM32\STM32H723\Core\Src\main.c_save
2025-02-26 01:29:27,441 [INFO] CodeEngine:279 - Generated code: C:\Users\leese\Music\STM32\STM32H723\Core\Src\main.c
2025-02-26 01:29:27,789 [INFO] ProjectBuilder:3289 - Time for Copy HAL[1] : 187mS.
2025-02-26 01:29:27,797 [INFO] ProjectBuilder:4876 - Project Generator version: 4.5.0-RC5
2025-02-26 01:29:27,858 [INFO] ConfigFileManager:1579 - The Die is : DIE483
2025-02-26 01:29:27,869 [INFO] ApiDbMcu:508 - Load IP Config File for FATFS
2025-02-26 01:29:27,879 [INFO] ApiDbMcu:508 - Load IP Config File for FREERTOS
2025-02-26 01:29:27,887 [INFO] ApiDbMcu:508 - Load IP Config File for LIBJPEG
2025-02-26 01:29:27,898 [INFO] ApiDbMcu:508 - Load IP Config File for LWIP
2025-02-26 01:29:27,909 [INFO] ApiDbMcu:508 - Load IP Config File for MBEDTLS
2025-02-26 01:29:27,919 [INFO] ApiDbMcu:508 - Load IP Config File for USB_HOST
